<?xml version="1.0" encoding="UTF-8"?>
<!-- Generated by org.testng.reporters.JUnitXMLReporter -->
<testsuite ignored="0" hostname="LAPTOP-VJPB9BFB" failures="0" tests="5" name="Test" time="321.171" errors="0" timestamp="2023-03-20T14:41:33 IST">
  <testcase classname="TestCases.verifyHeader" name="header" time="71.691"/>
  <testcase classname="TestCases.verifyloginandregister" name="verifyloginandregisterr" time="46.356"/>
  <testcase classname="TestCases.verifyAddingProductToCart" name="VerifyAddToCartProduct" time="34.691"/>
  <testcase classname="TestCases.verifyMenuBar" name="verifyMainMenu" time="82.549"/>
  <testcase classname="TestCases.verifyFooter" name="Footer" time="85.785"/>
</testsuite> <!-- Test -->
